begin_time: 1582645997.8129663
| epoch   1 |   200/ 2983 batches | lr 20.00 | ms/batch 15.95 | loss  7.64 | ppl  2089.15
| epoch   1 |   400/ 2983 batches | lr 20.00 | ms/batch 15.67 | loss  6.85 | ppl   942.02
| epoch   1 |   600/ 2983 batches | lr 20.00 | ms/batch 15.65 | loss  6.47 | ppl   645.01
| epoch   1 |   800/ 2983 batches | lr 20.00 | ms/batch 15.61 | loss  6.28 | ppl   531.35
| epoch   1 |  1000/ 2983 batches | lr 20.00 | ms/batch 15.62 | loss  6.13 | ppl   458.65
| epoch   1 |  1200/ 2983 batches | lr 20.00 | ms/batch 15.60 | loss  6.05 | ppl   422.64
| epoch   1 |  1400/ 2983 batches | lr 20.00 | ms/batch 15.61 | loss  5.94 | ppl   380.04
| epoch   1 |  1600/ 2983 batches | lr 20.00 | ms/batch 15.59 | loss  5.94 | ppl   378.45
| epoch   1 |  1800/ 2983 batches | lr 20.00 | ms/batch 15.59 | loss  5.79 | ppl   326.21
| epoch   1 |  2000/ 2983 batches | lr 20.00 | ms/batch 15.60 | loss  5.75 | ppl   315.14
| epoch   1 |  2200/ 2983 batches | lr 20.00 | ms/batch 15.59 | loss  5.64 | ppl   282.61
| epoch   1 |  2400/ 2983 batches | lr 20.00 | ms/batch 15.60 | loss  5.66 | ppl   286.63
| epoch   1 |  2600/ 2983 batches | lr 20.00 | ms/batch 15.59 | loss  5.64 | ppl   282.40
| epoch   1 |  2800/ 2983 batches | lr 20.00 | ms/batch 15.58 | loss  5.54 | ppl   254.62
-----------------------------------------------------------------------------------------
| end of epoch   1 | time: 48.67s | valid loss  5.52 | valid ppl   250.68
-----------------------------------------------------------------------------------------
| epoch   2 |   200/ 2983 batches | lr 20.00 | ms/batch 15.68 | loss  5.54 | ppl   253.96
| epoch   2 |   400/ 2983 batches | lr 20.00 | ms/batch 15.60 | loss  5.53 | ppl   251.58
| epoch   2 |   600/ 2983 batches | lr 20.00 | ms/batch 15.61 | loss  5.36 | ppl   211.81
| epoch   2 |   800/ 2983 batches | lr 20.00 | ms/batch 15.61 | loss  5.38 | ppl   216.42
| epoch   2 |  1000/ 2983 batches | lr 20.00 | ms/batch 15.61 | loss  5.35 | ppl   209.97
| epoch   2 |  1200/ 2983 batches | lr 20.00 | ms/batch 15.60 | loss  5.33 | ppl   206.01
| epoch   2 |  1400/ 2983 batches | lr 20.00 | ms/batch 15.60 | loss  5.32 | ppl   204.63
| epoch   2 |  1600/ 2983 batches | lr 20.00 | ms/batch 15.61 | loss  5.38 | ppl   216.64
| epoch   2 |  1800/ 2983 batches | lr 20.00 | ms/batch 15.60 | loss  5.25 | ppl   190.35
| epoch   2 |  2000/ 2983 batches | lr 20.00 | ms/batch 15.60 | loss  5.25 | ppl   191.38
| epoch   2 |  2200/ 2983 batches | lr 20.00 | ms/batch 15.60 | loss  5.17 | ppl   175.73
| epoch   2 |  2400/ 2983 batches | lr 20.00 | ms/batch 15.62 | loss  5.20 | ppl   181.68
| epoch   2 |  2600/ 2983 batches | lr 20.00 | ms/batch 15.60 | loss  5.22 | ppl   184.49
| epoch   2 |  2800/ 2983 batches | lr 20.00 | ms/batch 15.59 | loss  5.13 | ppl   168.62
-----------------------------------------------------------------------------------------
| end of epoch   2 | time: 48.61s | valid loss  5.28 | valid ppl   196.87
-----------------------------------------------------------------------------------------
| epoch   3 |   200/ 2983 batches | lr 20.00 | ms/batch 15.68 | loss  5.19 | ppl   179.43
| epoch   3 |   400/ 2983 batches | lr 20.00 | ms/batch 15.60 | loss  5.20 | ppl   180.97
| epoch   3 |   600/ 2983 batches | lr 20.00 | ms/batch 15.60 | loss  5.03 | ppl   152.29
| epoch   3 |   800/ 2983 batches | lr 20.00 | ms/batch 15.61 | loss  5.06 | ppl   158.17
| epoch   3 |  1000/ 2983 batches | lr 20.00 | ms/batch 15.63 | loss  5.05 | ppl   155.64
| epoch   3 |  1200/ 2983 batches | lr 20.00 | ms/batch 15.60 | loss  5.05 | ppl   155.75
| epoch   3 |  1400/ 2983 batches | lr 20.00 | ms/batch 15.61 | loss  5.07 | ppl   159.88
| epoch   3 |  1600/ 2983 batches | lr 20.00 | ms/batch 15.61 | loss  5.14 | ppl   170.77
| epoch   3 |  1800/ 2983 batches | lr 20.00 | ms/batch 15.63 | loss  5.01 | ppl   149.75
| epoch   3 |  2000/ 2983 batches | lr 20.00 | ms/batch 15.63 | loss  5.04 | ppl   154.51
| epoch   3 |  2200/ 2983 batches | lr 20.00 | ms/batch 15.64 | loss  4.95 | ppl   140.65
| epoch   3 |  2400/ 2983 batches | lr 20.00 | ms/batch 15.63 | loss  4.99 | ppl   146.38
| epoch   3 |  2600/ 2983 batches | lr 20.00 | ms/batch 15.62 | loss  5.01 | ppl   149.71
| epoch   3 |  2800/ 2983 batches | lr 20.00 | ms/batch 15.63 | loss  4.92 | ppl   137.60
-----------------------------------------------------------------------------------------
| end of epoch   3 | time: 48.66s | valid loss  5.17 | valid ppl   175.51
-----------------------------------------------------------------------------------------
| epoch   4 |   200/ 2983 batches | lr 20.00 | ms/batch 15.81 | loss  5.00 | ppl   147.97
| epoch   4 |   400/ 2983 batches | lr 20.00 | ms/batch 15.70 | loss  5.01 | ppl   150.62
| epoch   4 |   600/ 2983 batches | lr 20.00 | ms/batch 15.76 | loss  4.83 | ppl   125.62
| epoch   4 |   800/ 2983 batches | lr 20.00 | ms/batch 15.72 | loss  4.89 | ppl   132.43
| epoch   4 |  1000/ 2983 batches | lr 20.00 | ms/batch 15.73 | loss  4.88 | ppl   131.27
| epoch   4 |  1200/ 2983 batches | lr 20.00 | ms/batch 15.71 | loss  4.89 | ppl   132.44
| epoch   4 |  1400/ 2983 batches | lr 20.00 | ms/batch 15.67 | loss  4.92 | ppl   137.36
| epoch   4 |  1600/ 2983 batches | lr 20.00 | ms/batch 15.67 | loss  5.00 | ppl   147.70
| epoch   4 |  1800/ 2983 batches | lr 20.00 | ms/batch 15.70 | loss  4.86 | ppl   129.58
| epoch   4 |  2000/ 2983 batches | lr 20.00 | ms/batch 15.64 | loss  4.90 | ppl   134.41
| epoch   4 |  2200/ 2983 batches | lr 20.00 | ms/batch 15.68 | loss  4.80 | ppl   121.93
| epoch   4 |  2400/ 2983 batches | lr 20.00 | ms/batch 15.69 | loss  4.85 | ppl   127.47
| epoch   4 |  2600/ 2983 batches | lr 20.00 | ms/batch 15.67 | loss  4.87 | ppl   130.74
| epoch   4 |  2800/ 2983 batches | lr 20.00 | ms/batch 15.72 | loss  4.80 | ppl   121.48
-----------------------------------------------------------------------------------------
| end of epoch   4 | time: 48.90s | valid loss  5.09 | valid ppl   162.27
-----------------------------------------------------------------------------------------
| epoch   5 |   200/ 2983 batches | lr 20.00 | ms/batch 16.21 | loss  4.87 | ppl   129.78
| epoch   5 |   400/ 2983 batches | lr 20.00 | ms/batch 15.87 | loss  4.89 | ppl   133.12
| epoch   5 |   600/ 2983 batches | lr 20.00 | ms/batch 15.80 | loss  4.71 | ppl   110.86
| epoch   5 |   800/ 2983 batches | lr 20.00 | ms/batch 16.18 | loss  4.76 | ppl   117.15
| epoch   5 |  1000/ 2983 batches | lr 20.00 | ms/batch 16.24 | loss  4.76 | ppl   117.10
| epoch   5 |  1200/ 2983 batches | lr 20.00 | ms/batch 16.24 | loss  4.78 | ppl   118.52
| epoch   5 |  1400/ 2983 batches | lr 20.00 | ms/batch 16.23 | loss  4.82 | ppl   123.55
| epoch   5 |  1600/ 2983 batches | lr 20.00 | ms/batch 16.16 | loss  4.89 | ppl   133.43
| epoch   5 |  1800/ 2983 batches | lr 20.00 | ms/batch 15.92 | loss  4.77 | ppl   117.46
| epoch   5 |  2000/ 2983 batches | lr 20.00 | ms/batch 15.80 | loss  4.80 | ppl   121.52
| epoch   5 |  2200/ 2983 batches | lr 20.00 | ms/batch 15.85 | loss  4.70 | ppl   110.16
| epoch   5 |  2400/ 2983 batches | lr 20.00 | ms/batch 15.85 | loss  4.75 | ppl   115.13
| epoch   5 |  2600/ 2983 batches | lr 20.00 | ms/batch 15.83 | loss  4.77 | ppl   118.20
| epoch   5 |  2800/ 2983 batches | lr 20.00 | ms/batch 15.87 | loss  4.71 | ppl   110.67
-----------------------------------------------------------------------------------------
| end of epoch   5 | time: 49.76s | valid loss  5.08 | valid ppl   161.23
-----------------------------------------------------------------------------------------
| epoch   6 |   200/ 2983 batches | lr 20.00 | ms/batch 15.99 | loss  4.77 | ppl   117.89
| epoch   6 |   400/ 2983 batches | lr 20.00 | ms/batch 15.84 | loss  4.80 | ppl   121.28
| epoch   6 |   600/ 2983 batches | lr 20.00 | ms/batch 15.93 | loss  4.61 | ppl   100.81
| epoch   6 |   800/ 2983 batches | lr 20.00 | ms/batch 15.96 | loss  4.67 | ppl   106.86
| epoch   6 |  1000/ 2983 batches | lr 20.00 | ms/batch 15.96 | loss  4.68 | ppl   107.52
| epoch   6 |  1200/ 2983 batches | lr 20.00 | ms/batch 15.95 | loss  4.68 | ppl   108.26
| epoch   6 |  1400/ 2983 batches | lr 20.00 | ms/batch 15.92 | loss  4.73 | ppl   113.75
| epoch   6 |  1600/ 2983 batches | lr 20.00 | ms/batch 15.92 | loss  4.81 | ppl   122.79
| epoch   6 |  1800/ 2983 batches | lr 20.00 | ms/batch 15.95 | loss  4.69 | ppl   108.63
| epoch   6 |  2000/ 2983 batches | lr 20.00 | ms/batch 15.94 | loss  4.73 | ppl   112.79
| epoch   6 |  2200/ 2983 batches | lr 20.00 | ms/batch 15.99 | loss  4.63 | ppl   102.04
| epoch   6 |  2400/ 2983 batches | lr 20.00 | ms/batch 15.98 | loss  4.67 | ppl   106.55
| epoch   6 |  2600/ 2983 batches | lr 20.00 | ms/batch 15.98 | loss  4.69 | ppl   109.37
| epoch   6 |  2800/ 2983 batches | lr 20.00 | ms/batch 15.98 | loss  4.63 | ppl   102.49
-----------------------------------------------------------------------------------------
| end of epoch   6 | time: 49.63s | valid loss  5.01 | valid ppl   149.77
-----------------------------------------------------------------------------------------
end_time: 1582646294.3622909
time_cost: 296.5493245124817
=========================================================================================
| End of training | test loss  4.94 | test ppl   139.35
=========================================================================================
